[debug] [2022-07-20T19:41:09.383Z] ----------------------------------------------------------------------
[debug] [2022-07-20T19:41:09.385Z] Command:       /usr/local/bin/node /usr/local/bin/firebase init
[debug] [2022-07-20T19:41:09.385Z] CLI Version:   11.3.0
[debug] [2022-07-20T19:41:09.385Z] Platform:      linux
[debug] [2022-07-20T19:41:09.385Z] Node Version:  v16.6.1
[debug] [2022-07-20T19:41:09.385Z] Time:          Wed Jul 20 2022 16:41:09 GMT-0300 (hora estándar de Argentina)
[debug] [2022-07-20T19:41:09.385Z] ----------------------------------------------------------------------
[debug] 
[debug] [2022-07-20T19:41:09.389Z] > command requires scopes: ["email","openid","https://www.googleapis.com/auth/cloudplatformprojects.readonly","https://www.googleapis.com/auth/firebase","https://www.googleapis.com/auth/cloud-platform"]
[debug] [2022-07-20T19:41:09.389Z] > authorizing via signed-in user (alexenri12@gmail.com)
[info] 
     ######## #### ########  ######## ########     ###     ######  ########
     ##        ##  ##     ## ##       ##     ##  ##   ##  ##       ##
     ######    ##  ########  ######   ########  #########  ######  ######
     ##        ##  ##    ##  ##       ##     ## ##     ##       ## ##
     ##       #### ##     ## ######## ########  ##     ##  ######  ########

You're about to initialize a Firebase project in this directory:

  /home/alexbal/programacion/dwf/m8/df-lostpets-fe

[info] 
=== Project Setup
[info] 
[info] First, let's associate this project directory with a Firebase project.
[info] You can create multiple project aliases by running firebase use --add, 
[info] but for now we'll just set up a default project.
[info] 
[debug] [2022-07-20T19:47:21.090Z] >>> [apiv2][query] GET https://firebase.googleapis.com/v1beta1/projects pageSize=100
[debug] [2022-07-20T19:47:22.100Z] <<< [apiv2][status] GET https://firebase.googleapis.com/v1beta1/projects 200
[debug] [2022-07-20T19:47:22.100Z] <<< [apiv2][body] GET https://firebase.googleapis.com/v1beta1/projects [omitted]
[info] i  Using project fe-lostpets (fe-lostpets) 
[info] 
=== Hosting Setup
[info] 
[info] Your public directory is the folder (relative to your project directory) that
[info] will contain Hosting assets to be uploaded with firebase deploy. If you
[info] have a build process for your assets, use your build's output directory.
[info] 
[debug] [2022-07-20T19:48:05.874Z] >>> [apiv2][query] GET https://www.gstatic.com/firebasejs/releases.json [none]
[debug] [2022-07-20T19:48:05.956Z] <<< [apiv2][status] GET https://www.gstatic.com/firebasejs/releases.json 200
[debug] [2022-07-20T19:48:05.957Z] <<< [apiv2][body] GET https://www.gstatic.com/firebasejs/releases.json {"current":{"version":"9.9.0","browserURL":"https://www.gstatic.com/firebasejs/9.9.0/firebase.js","packageURL":"https://www.gstatic.com/firebasejs/9.9.0/firebase.tgz"},"live":{"version":"9.9","browserURL":"https://www.gstatic.com/firebasejs/live/9.9/firebase.js","packageURL":"https://www.gstatic.com/firebasejs/live/9.9/firebase.tgz"},"components":{"analytics":"https://www.gstatic.com/firebasejs/9.9.0/firebase-analytics.js","app":"https://www.gstatic.com/firebasejs/9.9.0/firebase-app.js","app-check":"https://www.gstatic.com/firebasejs/9.9.0/firebase-app-check.js","auth":"https://www.gstatic.com/firebasejs/9.9.0/firebase-auth.js","auth/cordova":"https://www.gstatic.com/firebasejs/9.9.0/firebase-auth/cordova.js","auth/react-native":"https://www.gstatic.com/firebasejs/9.9.0/firebase-auth/react-native.js","functions":"https://www.gstatic.com/firebasejs/9.9.0/firebase-functions.js","firestore":"https://www.gstatic.com/firebasejs/9.9.0/firebase-firestore.js","firestore/lite":"https://www.gstatic.com/firebasejs/9.9.0/firebase-firestore/lite.js","installations":"https://www.gstatic.com/firebasejs/9.9.0/firebase-installations.js","storage":"https://www.gstatic.com/firebasejs/9.9.0/firebase-storage.js","performance":"https://www.gstatic.com/firebasejs/9.9.0/firebase-performance.js","remote-config":"https://www.gstatic.com/firebasejs/9.9.0/firebase-remote-config.js","messaging":"https://www.gstatic.com/firebasejs/9.9.0/firebase-messaging.js","messaging/sw":"https://www.gstatic.com/firebasejs/9.9.0/firebase-messaging/sw.js","database":"https://www.gstatic.com/firebasejs/9.9.0/firebase-database.js","firestore.memory":"https://www.gstatic.com/firebasejs/9.9.0/firebase-firestore.memory.js"}}
[info] i  Skipping write of ./index.html 
[info] 
[info] i  Didn't detect a .git folder. Assuming /home/alexbal/programacion/dwf/m8/df-lostpets-fe is the project root. 
[info] i  Authorizing with GitHub to upload your service account to a GitHub repository's secrets store. 
[info] 
[info] Visit this URL on this device to log in:
[info] https://github.com/login/oauth/authorize?client_id=89cf50f02ac6aaed3484&state=620794594&redirect_uri=http%3A%2F%2Flocalhost%3A9005&scope=read%3Auser%20repo%20public_repo
[info] 
[info] Waiting for authentication...
[debug] [2022-07-20T19:48:30.359Z] >>> [apiv2][query] POST https://github.com/login/oauth/access_token [none]
[debug] [2022-07-20T19:48:30.360Z] >>> [apiv2][body] POST https://github.com/login/oauth/access_token [stream]
[debug] [2022-07-20T19:48:30.724Z] <<< [apiv2][status] POST https://github.com/login/oauth/access_token 200
[debug] [2022-07-20T19:48:30.724Z] <<< [apiv2][body] POST https://github.com/login/oauth/access_token {"access_token":"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","token_type":"bearer","scope":"read:user,repo"}
[debug] [2022-07-20T19:48:30.738Z] >>> [apiv2][query] GET https://api.github.com/user [none]
[debug] [2022-07-20T19:48:31.167Z] <<< [apiv2][status] GET https://api.github.com/user 200
[debug] [2022-07-20T19:48:31.168Z] <<< [apiv2][body] GET https://api.github.com/user {"login":"alexbal12","id":74037904,"node_id":"MDQ6VXNlcjc0MDM3OTA0","avatar_url":"https://avatars.githubusercontent.com/u/74037904?v=4","gravatar_id":"","url":"https://api.github.com/users/alexbal12","html_url":"https://github.com/alexbal12","followers_url":"https://api.github.com/users/alexbal12/followers","following_url":"https://api.github.com/users/alexbal12/following{/other_user}","gists_url":"https://api.github.com/users/alexbal12/gists{/gist_id}","starred_url":"https://api.github.com/users/alexbal12/starred{/owner}{/repo}","subscriptions_url":"https://api.github.com/users/alexbal12/subscriptions","organizations_url":"https://api.github.com/users/alexbal12/orgs","repos_url":"https://api.github.com/users/alexbal12/repos","events_url":"https://api.github.com/users/alexbal12/events{/privacy}","received_events_url":"https://api.github.com/users/alexbal12/received_events","type":"User","site_admin":false,"name":"Alex","company":null,"blog":"","location":null,"email":null,"hireable":null,"bio":null,"twitter_username":null,"public_repos":15,"public_gists":0,"followers":3,"following":3,"created_at":"2020-11-06T05:36:13Z","updated_at":"2022-07-20T06:38:19Z","private_gists":3,"total_private_repos":2,"owned_private_repos":2,"disk_usage":22722,"collaborators":0,"two_factor_authentication":false,"plan":{"name":"free","space":976562499,"collaborators":0,"private_repos":10000}}
[info] 
[info] ✔  Success! Logged into GitHub as alexbal12 
[info] 
